f:\gkengine\gkengine\debug\vc120.pdb
f:\gkengine\gkengine\debug\vc120.idb
f:\gkengine\gkengine\debug\gkdebug.obj
f:\gkengine\gkengine\debug\singleton.obj
f:\gkengine\gkengine\debug\tinyxml2.obj
f:\gkengine\gkengine\debug\xmlsm.obj
f:\gkengine\gkengine\debug\camera.obj
f:\gkengine\gkengine\debug\cgprogram.obj
f:\gkengine\gkengine\debug\mesh.obj
f:\gkengine\gkengine\debug\render.obj
f:\gkengine\gkengine\debug\renderlist.obj
f:\gkengine\gkengine\debug\main.obj
f:\gkengine\gkengine\debug\macros.obj
f:\gkengine\gkengine\debug\gkengine.res
f:\gkengine\gkengine\debug\gkengine.pdb
f:\gkengine\gkengine\debug\gkengine.tlog\cl.command.1.tlog
f:\gkengine\gkengine\debug\gkengine.tlog\cl.read.1.tlog
f:\gkengine\gkengine\debug\gkengine.tlog\cl.write.1.tlog
f:\gkengine\gkengine\debug\gkengine.tlog\link-cvtres.read.1.tlog
f:\gkengine\gkengine\debug\gkengine.tlog\link-cvtres.write.1.tlog
f:\gkengine\gkengine\debug\gkengine.tlog\link-rc.read.1.tlog
f:\gkengine\gkengine\debug\gkengine.tlog\link-rc.write.1.tlog
f:\gkengine\gkengine\debug\gkengine.tlog\link.9252-cvtres.read.1.tlog
f:\gkengine\gkengine\debug\gkengine.tlog\link.9252-cvtres.write.1.tlog
f:\gkengine\gkengine\debug\gkengine.tlog\link.9252-rc.read.1.tlog
f:\gkengine\gkengine\debug\gkengine.tlog\link.9252-rc.write.1.tlog
f:\gkengine\gkengine\debug\gkengine.tlog\link.9252.read.1.tlog
f:\gkengine\gkengine\debug\gkengine.tlog\link.9252.write.1.tlog
f:\gkengine\gkengine\debug\gkengine.tlog\link.command.1.tlog
f:\gkengine\gkengine\debug\gkengine.tlog\link.read.1.tlog
f:\gkengine\gkengine\debug\gkengine.tlog\link.write.1.tlog
f:\gkengine\gkengine\debug\gkengine.tlog\rc.command.1.tlog
f:\gkengine\gkengine\debug\gkengine.tlog\rc.read.1.tlog
f:\gkengine\gkengine\debug\gkengine.tlog\rc.write.1.tlog
