生成启动时间为 2016/8/12 15:32:59。
     1>项目“F:\gkengine\gkengine\gkengine.vcxproj”在节点 2 上(Build 个目标)。
     1>ClCompile:
         D:\Microsoft Visual Studio 12.0\VC\bin\CL.exe /c /ZI /nologo /W3 /WX- /sdl /Od /Oy- /D _UNICODE /D UNICODE /Gm /EHsc /RTC1 /MDd /GS /fp:precise /Zc:wchar_t /Zc:forScope /Fo"Debug\\" /Fd"Debug\vc120.pdb" /Gd /TP /analyze- /errorReport:prompt base\concurrency.cpp base\gkdebug.cpp graphic\render.cpp main.cpp
         main.cpp
         render.cpp
         gkdebug.cpp
         concurrency.cpp
         正在生成代码...
       ResourceCompile:
         C:\Program Files (x86)\Windows Kits\8.1\bin\x86\rc.exe /D _UNICODE /D UNICODE /l"0x0409" /nologo /fo"Debug\gkengine.res" gkengine.rc 
       Link:
         D:\Microsoft Visual Studio 12.0\VC\bin\link.exe /ERRORREPORT:PROMPT /OUT:"F:\gkengine\Debug\gkengine.exe" /INCREMENTAL /NOLOGO d3dx11.lib d3dx11d.lib d3d11.lib dxgi.lib kernel32.lib user32.lib gdi32.lib winspool.lib comdlg32.lib advapi32.lib shell32.lib ole32.lib oleaut32.lib uuid.lib odbc32.lib odbccp32.lib /MANIFEST /MANIFESTUAC:"level='asInvoker' uiAccess='false'" /manifest:embed /DEBUG /PDB:"F:\gkengine\Debug\gkengine.pdb" /TLBID:1 /DYNAMICBASE /NXCOMPAT /IMPLIB:"F:\gkengine\Debug\gkengine.lib" /MACHINE:X86 Debug\gkengine.res
         Debug\concurrency.obj
         Debug\gkdebug.obj
         Debug\render.obj
         Debug\main.obj
         gkengine.vcxproj -> F:\gkengine\Debug\gkengine.exe
     1>已完成生成项目“F:\gkengine\gkengine\gkengine.vcxproj”(Build 个目标)的操作。

生成成功。

已用时间 00:00:07.57
